[    0.000000] Initializing cgroup subsys cpuset
[    0.000000] Initializing cgroup subsys cpu
[    0.000000] Initializing cgroup subsys cpuacct
[    0.000000] Linux version 4.4.0-116-generic (buildd@lgw01-amd64-021) (gcc version 5.4.0 20160609 (Ubuntu 5.4.0-6ubuntu1~16.04.9) ) #140-Ubuntu SMP Mon Feb 12 21:23:04 UTC 2018 (Ubuntu 4.4.0-116.140-generic 4.4.98)
[    0.000000] Command line: BOOT_IMAGE=/boot/vmlinuz-4.4.0-116-generic root=LABEL=cloudimg-rootfs ro console=tty1 console=ttyS0
[    0.000000] KERNEL supported cpus:
[    0.000000]   Intel GenuineIntel
[    0.000000]   AMD AuthenticAMD
[    0.000000]   Centaur CentaurHauls
[    0.000000] x86/fpu: xstate_offset[2]:  576, xstate_sizes[2]:  256
[    0.000000] x86/fpu: Supporting XSAVE feature 0x01: 'x87 floating point registers'
[    0.000000] x86/fpu: Supporting XSAVE feature 0x02: 'SSE registers'
[    0.000000] x86/fpu: Supporting XSAVE feature 0x04: 'AVX registers'
[    0.000000] x86/fpu: Enabled xstate features 0x7, context size is 832 bytes, using 'standard' format.
[    0.000000] x86/fpu: Using 'lazy' FPU context switches.
[    0.000000] e820: BIOS-provided physical RAM map:
[    0.000000] BIOS-e820: [mem 0x0000000000000000-0x000000000009fbff] usable
[    0.000000] BIOS-e820: [mem 0x000000000009fc00-0x000000000009ffff] reserved
[    0.000000] BIOS-e820: [mem 0x00000000000f0000-0x00000000000fffff] reserved
[    0.000000] BIOS-e820: [mem 0x0000000000100000-0x000000003ffeffff] usable
[    0.000000] BIOS-e820: [mem 0x000000003fff0000-0x000000003fffffff] ACPI data
[    0.000000] BIOS-e820: [mem 0x00000000fec00000-0x00000000fec00fff] reserved
[    0.000000] BIOS-e820: [mem 0x00000000fee00000-0x00000000fee00fff] reserved
[    0.000000] BIOS-e820: [mem 0x00000000fffc0000-0x00000000ffffffff] reserved
[    0.000000] NX (Execute Disable) protection: active
[    0.000000] SMBIOS 2.5 present.
[    0.000000] Hypervisor detected: KVM
[    0.000000] e820: last_pfn = 0x3fff0 max_arch_pfn = 0x400000000
[    0.000000] MTRR: Disabled
[    0.000000] x86/PAT: MTRRs disabled, skipping PAT initialization too.
[    0.000000] CPU MTRRs all blank - virtualized system.
[    0.000000] x86/PAT: Configuration [0-7]: WB  WT  UC- UC  WB  WT  UC- UC  
[    0.000000] found SMP MP-table at [mem 0x0009fff0-0x0009ffff] mapped at [ffff88000009fff0]
[    0.000000] Scanning 1 areas for low memory corruption
[    0.000000] RAMDISK: [mem 0x36ab2000-0x37550fff]
[    0.000000] ACPI: Early table checksum verification disabled
[    0.000000] ACPI: RSDP 0x00000000000E0000 000024 (v02 VBOX  )
[    0.000000] ACPI: XSDT 0x000000003FFF0030 00003C (v01 VBOX   VBOXXSDT 00000001 ASL  00000061)
[    0.000000] ACPI: FACP 0x000000003FFF00F0 0000F4 (v04 VBOX   VBOXFACP 00000001 ASL  00000061)
[    0.000000] ACPI: DSDT 0x000000003FFF0470 0022EA (v02 VBOX   VBOXBIOS 00000002 INTL 20100528)
[    0.000000] ACPI: FACS 0x000000003FFF0200 000040
[    0.000000] ACPI: FACS 0x000000003FFF0200 000040
[    0.000000] ACPI: APIC 0x000000003FFF0240 00005C (v02 VBOX   VBOXAPIC 00000001 ASL  00000061)
[    0.000000] ACPI: SSDT 0x000000003FFF02A0 0001CC (v01 VBOX   VBOXCPUT 00000002 INTL 20100528)
[    0.000000] No NUMA configuration found
[    0.000000] Faking a node at [mem 0x0000000000000000-0x000000003ffeffff]
[    0.000000] NODE_DATA(0) allocated [mem 0x3ffeb000-0x3ffeffff]
[    0.000000] kvm-clock: Using msrs 4b564d01 and 4b564d00
[    0.000000] kvm-clock: cpu 0, msr 0:3ffe3001, primary cpu clock
[    0.000000] kvm-clock: using sched offset of 11001009605 cycles
[    0.000000] clocksource: kvm-clock: mask: 0xffffffffffffffff max_cycles: 0x1cd42e4dffb, max_idle_ns: 881590591483 ns
[    0.000000] Zone ranges:
[    0.000000]   DMA      [mem 0x0000000000001000-0x0000000000ffffff]
[    0.000000]   DMA32    [mem 0x0000000001000000-0x000000003ffeffff]
[    0.000000]   Normal   empty
[    0.000000]   Device   empty
[    0.000000] Movable zone start for each node
[    0.000000] Early memory node ranges
[    0.000000]   node   0: [mem 0x0000000000001000-0x000000000009efff]
[    0.000000]   node   0: [mem 0x0000000000100000-0x000000003ffeffff]
[    0.000000] Initmem setup node 0 [mem 0x0000000000001000-0x000000003ffeffff]
[    0.000000] ACPI: PM-Timer IO Port: 0x4008
[    0.000000] IOAPIC[0]: apic_id 2, version 32, address 0xfec00000, GSI 0-23
[    0.000000] ACPI: INT_SRC_OVR (bus 0 bus_irq 0 global_irq 2 dfl dfl)
[    0.000000] ACPI: INT_SRC_OVR (bus 0 bus_irq 9 global_irq 9 low level)
[    0.000000] Using ACPI (MADT) for SMP configuration information
[    0.000000] smpboot: Allowing 2 CPUs, 0 hotplug CPUs
[    0.000000] PM: Registered nosave memory: [mem 0x00000000-0x00000fff]
[    0.000000] PM: Registered nosave memory: [mem 0x0009f000-0x0009ffff]
[    0.000000] PM: Registered nosave memory: [mem 0x000a0000-0x000effff]
[    0.000000] PM: Registered nosave memory: [mem 0x000f0000-0x000fffff]
[    0.000000] e820: [mem 0x40000000-0xfebfffff] available for PCI devices
[    0.000000] Booting paravirtualized kernel on KVM
[    0.000000] clocksource: refined-jiffies: mask: 0xffffffff max_cycles: 0xffffffff, max_idle_ns: 7645519600211568 ns
[    0.000000] setup_percpu: NR_CPUS:512 nr_cpumask_bits:512 nr_cpu_ids:2 nr_node_ids:1
[    0.000000] PERCPU: Embedded 34 pages/cpu @ffff88003fc00000 s99544 r8192 d31528 u1048576
[    0.000000] PV qspinlock hash table entries: 256 (order: 0, 4096 bytes)
[    0.000000] Built 1 zonelists in Node order, mobility grouping on.  Total pages: 257913
[    0.000000] Policy zone: DMA32
[    0.000000] Kernel command line: BOOT_IMAGE=/boot/vmlinuz-4.4.0-116-generic root=LABEL=cloudimg-rootfs ro console=tty1 console=ttyS0
[    0.000000] PID hash table entries: 4096 (order: 3, 32768 bytes)
[    0.000000] Memory: 1001656K/1048120K available (8530K kernel code, 1309K rwdata, 3992K rodata, 1508K init, 1316K bss, 46464K reserved, 0K cma-reserved)
[    0.000000] SLUB: HWalign=64, Order=0-3, MinObjects=0, CPUs=2, Nodes=1
[    0.000000] Kernel/User page tables isolation: enabled
[    0.000000] Hierarchical RCU implementation.
[    0.000000] 	Build-time adjustment of leaf fanout to 64.
[    0.000000] 	RCU restricting CPUs from NR_CPUS=512 to nr_cpu_ids=2.
[    0.000000] RCU: Adjusting geometry for rcu_fanout_leaf=64, nr_cpu_ids=2
[    0.000000] NR_IRQS:33024 nr_irqs:440 16
[    0.000000] Console: colour VGA+ 80x25
[    0.000000] console [tty1] enabled
[    0.000000] console [ttyS0] enabled
[    0.000000] tsc: Detected 2000.002 MHz processor
[    1.727202] Calibrating delay loop (skipped) preset value.. 4000.00 BogoMIPS (lpj=8000008)
[    1.748515] pid_max: default: 32768 minimum: 301
[    1.760429] ACPI: Core revision 20150930
[    1.792453] ACPI: 2 ACPI AML tables successfully acquired and loaded
[    1.806545] Security Framework initialized
[    1.817096] Yama: becoming mindful.
[    1.827510] AppArmor: AppArmor initialized
[    1.837934] Dentry cache hash table entries: 131072 (order: 8, 1048576 bytes)
[    1.868834] Inode-cache hash table entries: 65536 (order: 7, 524288 bytes)
[    1.884529] Mount-cache hash table entries: 2048 (order: 2, 16384 bytes)
[    1.900544] Mountpoint-cache hash table entries: 2048 (order: 2, 16384 bytes)
[    1.933388] Initializing cgroup subsys io
[    1.946304] Initializing cgroup subsys memory
[    1.959496] Initializing cgroup subsys devices
[    1.972883] Initializing cgroup subsys freezer
[    1.983460] Initializing cgroup subsys net_cls
[    1.997670] Initializing cgroup subsys perf_event
[    2.009151] Initializing cgroup subsys net_prio
[    2.021971] Initializing cgroup subsys hugetlb
[    2.032473] Initializing cgroup subsys pids
[    2.044075] CPU: Physical Processor ID: 0
[    2.054481] CPU: Processor Core ID: 0
[    2.063874] FEATURE SPEC_CTRL Not Present
[    2.084488] mce: CPU supports 0 MCE banks
[    2.098744] Last level iTLB entries: 4KB 64, 2MB 8, 4MB 8
[    2.123847] Last level dTLB entries: 4KB 64, 2MB 0, 4MB 0, 1GB 4
[    2.142323] Spectre V2 mitigation: Mitigation: Full generic retpoline
[    2.159471] Spectre V2 mitigation: Speculation control IBPB not-supported IBRS not-supported
[    2.207076] Freeing SMP alternatives memory: 32K
[    2.319248] ftrace: allocating 32186 entries in 126 pages
[    2.863923] smpboot: APIC(0) Converting physical 0 to logical package 0
[    2.875895] smpboot: Max logical packages: 1
[    2.888005] x2apic enabled
[    2.897987] Switched APIC routing to physical x2apic.
[    2.923565] ..TIMER: vector=0x30 apic1=0 pin1=2 apic2=-1 pin2=-1
[    3.039888] smpboot: CPU0: Intel(R) Core(TM) i3-5005U CPU @ 2.00GHz (family: 0x6, model: 0x3d, stepping: 0x4)
[    3.062998] Performance Events: unsupported p6 CPU model 61 no PMU driver, software events only.
[    3.082668] KVM setup paravirtual spinlock
[    3.095519] x86: Booting SMP configuration:
[    3.109473] .... node  #0, CPUs:      #1
[    3.116984] kvm-clock: cpu 1, msr 0:3ffe3041, secondary cpu clock
[    3.129821] mce: CPU supports 0 MCE banks
[    3.141097] x86: Booted up 1 node, 2 CPUs
[    3.155640] smpboot: Total of 2 processors activated (8000.00 BogoMIPS)
[    3.170862] devtmpfs: initialized
[    3.239075] evm: security.selinux
[    3.250761] evm: security.SMACK64
[    3.263714] evm: security.SMACK64EXEC
[    3.275267] evm: security.SMACK64TRANSMUTE
[    3.284834] evm: security.SMACK64MMAP
[    3.293976] evm: security.ima
[    3.300958] evm: security.capability
[    3.315123] clocksource: jiffies: mask: 0xffffffff max_cycles: 0xffffffff, max_idle_ns: 7645041785100000 ns
[    3.342753] futex hash table entries: 512 (order: 3, 32768 bytes)
[    3.358526] pinctrl core: initialized pinctrl subsystem
[    3.369673] RTC time: 16:20:24, date: 06/01/19
[    3.381751] NET: Registered protocol family 16
[    3.407386] cpuidle: using governor ladder
[    3.430927] cpuidle: using governor menu
[    3.441714] PCCT header not found.
[    3.450849] ACPI: bus type PCI registered
[    3.461200] acpiphp: ACPI Hot Plug PCI Controller Driver version: 0.5
[    3.473684] PCI: Using configuration type 1 for base access
[    3.510429] ACPI: Added _OSI(Module Device)
[    3.522755] ACPI: Added _OSI(Processor Device)
[    3.532241] ACPI: Added _OSI(3.0 _SCP Extensions)
[    3.543526] ACPI: Added _OSI(Processor Aggregator Device)
[    3.566234] ACPI: Executed 1 blocks of module-level executable AML code
[    3.626754] ACPI: Interpreter enabled
[    3.636337] ACPI: (supports S0 S5)
[    3.647473] ACPI: Using IOAPIC for interrupt routing
[    3.665043] PCI: Using host bridge windows from ACPI; if necessary, use "pci=nocrs" and report a bug
[    3.742888] ACPI: PCI Root Bridge [PCI0] (domain 0000 [bus 00-ff])
[    3.758239] acpi PNP0A03:00: _OSC: OS supports [ASPM ClockPM Segments MSI]
[    3.777758] acpi PNP0A03:00: _OSC: not requesting OS control; OS requires [ExtendedConfig ASPM ClockPM MSI]
[    3.798000] acpi PNP0A03:00: fail to add MMCONFIG information, can't access extended PCI configuration space under this bridge.
[    3.829657] PCI host bridge to bus 0000:00
[    3.841292] pci_bus 0000:00: root bus resource [io  0x0000-0x0cf7 window]
[    3.857633] pci_bus 0000:00: root bus resource [io  0x0d00-0xffff window]
[    3.872449] pci_bus 0000:00: root bus resource [mem 0x000a0000-0x000bffff window]
[    3.891973] pci_bus 0000:00: root bus resource [mem 0x40000000-0xfdffffff window]
[    3.908943] pci_bus 0000:00: root bus resource [bus 00-ff]
[    3.935161] pci 0000:00:01.1: legacy IDE quirk: reg 0x10: [io  0x01f0-0x01f7]
[    3.947761] pci 0000:00:01.1: legacy IDE quirk: reg 0x14: [io  0x03f6]
[    3.961264] pci 0000:00:01.1: legacy IDE quirk: reg 0x18: [io  0x0170-0x0177]
[    4.100485] pci 0000:00:01.1: legacy IDE quirk: reg 0x1c: [io  0x0376]
[    4.207536] pci 0000:00:07.0: quirk: [io  0x4000-0x403f] claimed by PIIX4 ACPI
[    4.223558] pci 0000:00:07.0: quirk: [io  0x4100-0x410f] claimed by PIIX4 SMB
[    4.268452] ACPI: PCI Interrupt Link [LNKA] (IRQs 5 9 10 *11)
[    4.304648] ACPI: PCI Interrupt Link [LNKB] (IRQs 5 9 *10 11)
[    4.320300] ACPI: PCI Interrupt Link [LNKC] (IRQs 5 *9 10 11)
[    4.337935] ACPI: PCI Interrupt Link [LNKD] (IRQs 5 9 10 *11)
[    4.358608] ACPI: Enabled 2 GPEs in block 00 to 07
[    4.374363] vgaarb: setting as boot device: PCI:0000:00:02.0
[    4.389744] vgaarb: device added: PCI:0000:00:02.0,decodes=io+mem,owns=io+mem,locks=none
[    4.410315] vgaarb: loaded
[    4.417384] vgaarb: bridge control possible 0000:00:02.0
[    4.433153] SCSI subsystem initialized
[    4.443745] ACPI: bus type USB registered
[    4.452513] usbcore: registered new interface driver usbfs
[    4.463622] usbcore: registered new interface driver hub
[    4.474466] usbcore: registered new device driver usb
[    4.499074] PCI: Using ACPI for IRQ routing
[    4.511351] NetLabel: Initializing
[    4.519338] NetLabel:  domain hash size = 128
[    4.531384] NetLabel:  protocols = UNLABELED CIPSOv4
[    4.543267] NetLabel:  unlabeled traffic allowed by default
[    4.557908] amd_nb: Cannot enumerate AMD northbridges
[    4.567983] clocksource: Switched to clocksource kvm-clock
[    4.709503] AppArmor: AppArmor Filesystem Enabled
[    4.720840] pnp: PnP ACPI init
[    4.737251] pnp: PnP ACPI: found 3 devices
[    4.796619] clocksource: acpi_pm: mask: 0xffffff max_cycles: 0xffffff, max_idle_ns: 2085701024 ns
[    4.820210] NET: Registered protocol family 2
[    4.832406] TCP established hash table entries: 8192 (order: 4, 65536 bytes)
[    4.847436] TCP bind hash table entries: 8192 (order: 5, 131072 bytes)
[    4.864897] TCP: Hash tables configured (established 8192 bind 8192)
[    4.879911] UDP hash table entries: 512 (order: 2, 16384 bytes)
[    4.894500] UDP-Lite hash table entries: 512 (order: 2, 16384 bytes)
[    4.910045] NET: Registered protocol family 1
[    4.927726] pci 0000:00:00.0: Limiting direct PCI/PCI transfers
[    4.943607] pci 0000:00:01.0: Activating ISA DMA hang workarounds
[    4.960222] Unpacking initramfs...
[   36.746234] Freeing initrd memory: 10876K
[   36.756894] RAPL PMU detected, API unit is 2^-32 Joules, 4 fixed counters 10737418240 ms ovfl timer
[   36.775366] hw unit of domain pp0-core 2^-0 Joules
[   36.784828] hw unit of domain package 2^-0 Joules
[   36.797296] hw unit of domain dram 2^-0 Joules
[   36.809413] hw unit of domain pp1-gpu 2^-0 Joules
[   36.823567] platform rtc_cmos: registered platform RTC device (no PNP device found)
[   36.842997] Scanning for low memory corruption every 60 seconds
[   36.859655] audit: initializing netlink subsys (disabled)
[   36.871992] audit: type=2000 audit(1559406067.316:1): initialized
[   36.891361] Initialise system trusted keyring
[   36.901347] HugeTLB registered 2 MB page size, pre-allocated 0 pages
[   36.929742] zbud: loaded
[   36.941922] VFS: Disk quotas dquot_6.6.0
[   36.950085] VFS: Dquot-cache hash table entries: 512 (order 0, 4096 bytes)
[   36.964447] squashfs: version 4.0 (2009/01/31) Phillip Lougher
[   36.978016] fuse init (API version 7.23)
[   36.987659] Key type big_key registered
[   36.997980] Allocating IMA MOK and blacklist keyrings.
[   37.018208] Key type asymmetric registered
[   37.028584] Asymmetric key parser 'x509' registered
[   37.039116] Block layer SCSI generic (bsg) driver version 0.4 loaded (major 249)
[   37.058234] io scheduler noop registered
[   37.066140] io scheduler deadline registered (default)
[   37.077325] io scheduler cfq registered
[   37.087355] pci_hotplug: PCI Hot Plug PCI Core version: 0.5
[   37.100356] pciehp: PCI Express Hot Plug Controller Driver version: 0.4
[   37.119152] ACPI: AC Adapter [AC] (off-line)
[   37.133097] input: Power Button as /devices/LNXSYSTM:00/LNXPWRBN:00/input/input0
[   37.149908] ACPI: Power Button [PWRF]
[   37.161079] input: Sleep Button as /devices/LNXSYSTM:00/LNXSLPBN:00/input/input1
[   37.176705] ACPI: Sleep Button [SLPF]
[   37.192774] GHES: HEST is not enabled!
[   37.197524] ACPI: Battery Slot [BAT0] (battery present)
[   37.211600] Serial: 8250/16550 driver, 32 ports, IRQ sharing enabled
[   37.250456] 00:02: ttyS0 at I/O 0x3f8 (irq = 4, base_baud = 115200) is a 16550A
[   37.339551] Linux agpgart interface v0.103
[   37.366796] loop: module loaded
[   37.381668] scsi host0: ata_piix
[   37.391749] scsi host1: ata_piix
[   37.400480] ata1: PATA max UDMA/33 cmd 0x1f0 ctl 0x3f6 bmdma 0xd000 irq 14
[   37.418474] ata2: PATA max UDMA/33 cmd 0x170 ctl 0x376 bmdma 0xd008 irq 15
[   37.432665] libphy: Fixed MDIO Bus: probed
[   37.442299] tun: Universal TUN/TAP device driver, 1.6
[   37.451949] tun: (C) 1999-2004 Max Krasnyansky <maxk@qualcomm.com>
[   37.464276] PPP generic driver version 2.4.2
[   37.472586] ehci_hcd: USB 2.0 'Enhanced' Host Controller (EHCI) Driver
[   37.486341] ehci-pci: EHCI PCI platform driver
[   37.496890] ehci-platform: EHCI generic platform driver
[   37.513454] ohci_hcd: USB 1.1 'Open' Host Controller (OHCI) Driver
[   37.543151] ohci-pci: OHCI PCI platform driver
[   37.555281] ohci-platform: OHCI generic platform driver
[   37.570937] uhci_hcd: USB Universal Host Controller Interface driver
[   37.591178] i8042: PNP: PS/2 Controller [PNP0303:PS2K,PNP0f03:PS2M] at 0x60,0x64 irq 1,12
[   37.617327] serio: i8042 KBD port at 0x60,0x64 irq 1
[   37.629165] serio: i8042 AUX port at 0x60,0x64 irq 12
[   37.640707] mousedev: PS/2 mouse device common for all mice
[   37.660035] input: AT Translated Set 2 keyboard as /devices/platform/i8042/serio0/input/input2
[   37.679879] rtc_cmos rtc_cmos: rtc core: registered rtc_cmos as rtc0
[   37.696973] rtc_cmos rtc_cmos: alarms up to one day, 114 bytes nvram
[   37.711074] i2c /dev entries driver
[   37.723324] device-mapper: uevent: version 1.0.3
[   37.733190] device-mapper: ioctl: 4.34.0-ioctl (2015-10-28) initialised: dm-devel@redhat.com
[   37.754799] ledtrig-cpu: registered to indicate activity on CPUs
[   37.774894] NET: Registered protocol family 10
[   37.787403] NET: Registered protocol family 17
[   37.800492] Key type dns_resolver registered
[   37.813121] microcode: CPU0 sig=0x306d4, pf=0x40, revision=0x0
[   37.826036] microcode: CPU1 sig=0x306d4, pf=0x40, revision=0x0
[   37.837862] microcode: Microcode Update Driver: v2.01 <tigran@aivazian.fsnet.co.uk>, Peter Oruba
[   37.856490] registered taskstats version 1
[   37.865812] Loading compiled-in X.509 certificates
[   37.881387] Loaded X.509 cert 'Build time autogenerated kernel key: aa84f01984fbd529c105810b59e379d349698248'
[   37.907311] zswap: loaded using pool lzo/zbud
[   37.954564] Key type trusted registered
[   38.004653] Key type encrypted registered
[   38.013010] AppArmor: AppArmor sha1 policy hashing enabled
[   38.027382] ima: No TPM chip found, activating TPM-bypass!
[   38.037948] evm: HMAC attrs: 0x1
[   38.047002]   Magic number: 7:43:337
[   38.061069] tty tty58: hash matches
[   38.068967] rtc_cmos rtc_cmos: setting system clock to 2019-06-01 16:20:59 UTC (1559406059)
[   38.093874] BIOS EDD facility v0.16 2004-Jun-25, 0 devices found
[   38.106577] EDD information not available.
[   38.139292] Freeing unused kernel memory: 1508K
[   38.149436] Write protecting the kernel read-only data: 14336k
[   38.164873] Freeing unused kernel memory: 1700K
[   38.175626] Freeing unused kernel memory: 104K
Loading, please wait...
starting version 229
[   38.277230] random: systemd-udevd: uninitialized urandom read (16 bytes read, 7 bits of entropy available)
[   38.284740] random: udevadm: uninitialized urandom read (16 bytes read, 7 bits of entropy available)
[   38.284916] random: udevadm: uninitialized urandom read (16 bytes read, 7 bits of entropy available)
[   38.345976] random: systemd-udevd: uninitialized urandom read (16 bytes read, 7 bits of entropy available)
[   38.372359] random: systemd-udevd: uninitialized urandom read (16 bytes read, 7 bits of entropy available)
[   38.379983] random: udevadm: uninitialized urandom read (16 bytes read, 7 bits of entropy available)
[   38.380493] random: udevadm: uninitialized urandom read (16 bytes read, 7 bits of entropy available)
[   38.383182] random: udevadm: uninitialized urandom read (16 bytes read, 7 bits of entropy available)
[   38.383698] random: udevadm: uninitialized urandom read (16 bytes read, 7 bits of entropy available)
[   38.384519] random: udevadm: uninitialized urandom read (16 bytes read, 7 bits of entropy available)
[   38.892427] e1000: Intel(R) PRO/1000 Network Driver - version 7.3.21-k8-NAPI
[   38.910175] e1000: Copyright (c) 1999-2006 Intel Corporation.
[   38.957903] Fusion MPT base driver 3.04.20
[   38.968742] Copyright (c) 1999-2008 LSI Corporation
[   39.229549] input: ImExPS/2 Generic Explorer Mouse as /devices/platform/i8042/serio1/input/input4
[   39.325968] Fusion MPT SPI Host driver 3.04.20
[   39.429206] AVX2 version of gcm_enc/dec engaged.
[   39.442829] AES CTR mode by8 optimization enabled
[   40.911997] e1000 0000:00:03.0 eth0: (PCI:33MHz:32-bit) 02:d9:fe:34:b4:72
[   41.032754] e1000 0000:00:03.0 eth0: Intel(R) PRO/1000 Network Connection
[   41.100898] mptbase: ioc0: Initiating bringup
[   41.104477] e1000 0000:00:03.0 enp0s3: renamed from eth0
[   41.805923] ioc0: LSI53C1030 A0: Capabilities={Initiator}
[   41.899568] floppy0: no floppy controllers found
[   42.109216] scsi host2: ioc0: LSI53C1030 A0, FwRev=00000000h, Ports=1, MaxQ=256, IRQ=20
[   42.904206] scsi 2:0:0:0: Direct-Access     VBOX     HARDDISK         1.0  PQ: 0 ANSI: 5
[   43.045864] scsi target2:0:0: Beginning Domain Validation
[   43.067067] scsi target2:0:0: Domain Validation skipping write tests
[   43.078605] scsi target2:0:0: Ending Domain Validation
[   43.090909] scsi target2:0:0: asynchronous
[   43.102903] scsi 2:0:1:0: Direct-Access     VBOX     HARDDISK         1.0  PQ: 0 ANSI: 5
[   43.120276] scsi target2:0:1: Beginning Domain Validation
[   43.140397] scsi target2:0:1: Domain Validation skipping write tests
[   43.152398] scsi target2:0:1: Ending Domain Validation
[   43.162717] scsi target2:0:1: asynchronous
[   43.208749] sd 2:0:0:0: Attached scsi generic sg0 type 0
[   43.219586] sd 2:0:0:0: [sda] 20971520 512-byte logical blocks: (10.7 GB/10.0 GiB)
[   43.239577] sd 2:0:0:0: [sda] Write Protect is off
[   43.244625] sd 2:0:1:0: [sdb] 20480 512-byte logical blocks: (10.5 MB/10.0 MiB)
[   43.245862] sd 2:0:1:0: [sdb] Write Protect is off
[   43.248355] sd 2:0:1:0: [sdb] Incomplete mode parameter data
[   43.248373] sd 2:0:1:0: [sdb] Assuming drive cache: write through
[   43.252424] sd 2:0:1:0: Attached scsi generic sg1 type 0
[   43.285251] sd 2:0:1:0: [sdb] Attached SCSI disk
[   43.331835] sd 2:0:0:0: [sda] Incomplete mode parameter data
[   43.342935] sd 2:0:0:0: [sda] Assuming drive cache: write through
[   43.373563]  sda: sda1
[   43.384498] sd 2:0:0:0: [sda] Attached SCSI disk
Begin: Loading essential drivers ... [   49.678265] md: linear personality registered for level -1
[   49.709055] md: multipath personality registered for level -4
[   49.739923] md: raid0 personality registered for level 0
[   49.782799] md: raid1 personality registered for level 1
[   49.892340] raid6: sse2x1   gen()   535 MB/s
[   49.968439] raid6: sse2x1   xor()   348 MB/s
[   50.044718] raid6: sse2x2   gen()   884 MB/s
[   50.120647] raid6: sse2x2   xor()   538 MB/s
[   50.196701] raid6: sse2x4   gen()  1259 MB/s
[   50.272999] raid6: sse2x4   xor()   691 MB/s
[   50.356690] raid6: avx2x1   gen()   947 MB/s
[   50.432834] raid6: avx2x2   gen()  1561 MB/s
[   50.512473] raid6: avx2x4   gen()  2108 MB/s
[   50.525677] raid6: using algorithm avx2x4 gen() 2108 MB/s
[   50.537130] raid6: using avx2x2 recovery algorithm
[   50.558065] xor: automatically using best checksumming function:
[   50.620905]    avx       :  2137.000 MB/sec
[   50.641949] async_tx: api initialized (async)
[   50.725741] md: raid6 personality registered for level 6
[   50.743531] md: raid5 personality registered for level 5
[   50.759814] md: raid4 personality registered for level 4
[   50.826564] md: raid10 personality registered for level 10
done.
Begin: Running /scripts/init-premount ... done.
Begin: Mounting root file system ... Begin: Running /scripts/local-top ... done.
Begin: Running /scripts/local-premount ... [   51.122282] Btrfs loaded
Scanning for Btrfs filesystems
done.
Warning: fsck not present, so skipping root file system
[   51.433199] EXT4-fs (sda1): mounted filesystem with ordered data mode. Opts: (null)
done.
Begin: Running /scripts/local-bottom ... done.
Begin: Running /scripts/init-bottom ... done.
[   51.954742] random: nonblocking pool is initialized
[   52.709777] systemd[1]: systemd 229 running in system mode. (+PAM +AUDIT +SELINUX +IMA +APPARMOR +SMACK +SYSVINIT +UTMP +LIBCRYPTSETUP +GCRYPT +GNUTLS +ACL +XZ -LZ4 +SECCOMP +BLKID +ELFUTILS +KMOD -IDN)
[   52.743121] systemd[1]: Detected virtualization oracle.
[   52.754335] systemd[1]: Detected architecture x86-64.

Welcome to [1mUbuntu 16.04.4 LTS[0m!

[   52.843019] systemd[1]: Set hostname to <ubuntu>.
[   52.894190] systemd[1]: Initializing machine ID from random generator.
[   52.907772] systemd[1]: Installed transient /etc/machine-id file.
[   54.683115] systemd[1]: Reached target System Time Synchronized.
[[0;32m  OK  [0m] Reached target System Time Synchronized.
[   54.702086] systemd[1]: Reached target User and Group Name Lookups.
[[0;32m  OK  [0m] Reached target User and Group Name Lookups.
[   54.722856] systemd[1]: Listening on Device-mapper event daemon FIFOs.
[[0;32m  OK  [0m] Listening on Device-mapper event daemon FIFOs.
[   54.747691] systemd[1]: Set up automount Arbitrary Executable File Formats File System Automount Point.
[[0;32m  OK  [0m] Set up automount Arbitrary Executab...ats File System Automount Point.
[   54.789385] systemd[1]: Reached target Encrypted Volumes.
[[0;32m  OK  [0m] Reached target Encrypted Volumes.
[   54.815797] systemd[1]: Created slice System Slice.
[[0;32m  OK  [0m] Created slice System Slice.
[   54.835511] systemd[1]: Created slice system-serial\x2dgetty.slice.
[[0;32m  OK  [0m] Created slice system-serial\x2dgetty.slice.
[   54.865003] systemd[1]: Listening on Journal Socket (/dev/log).
[[0;32m  OK  [0m] Listening on Journal Socket (/dev/log).
[   54.884989] systemd[1]: Started Forward Password Requests to Wall Directory Watch.
[[0;32m  OK  [0m] Started Forward Password Requests to Wall Directory Watch.
[   54.911452] systemd[1]: Created slice User and Session Slice.
[[0;32m  OK  [0m] Created slice User and Session Slice.
[   54.938160] systemd[1]: Reached target Slices.
[[0;32m  OK  [0m] Reached target Slices.
[   54.961814] systemd[1]: Listening on Journal Audit Socket.
[[0;32m  OK  [0m] Listening on Journal Audit Socket.
[   54.978678] systemd[1]: Listening on LVM2 poll daemon socket.
[[0;32m  OK  [0m] Listening on LVM2 poll daemon socket.
[   55.005715] systemd[1]: Listening on udev Kernel Socket.
[[0;32m  OK  [0m] Listening on udev Kernel Socket.
[   55.024831] systemd[1]: Listening on LVM2 metadata daemon socket.
[[0;32m  OK  [0m] Listening on LVM2 metadata daemon socket.
[   55.043873] systemd[1]: Listening on Syslog Socket.
[[0;32m  OK  [0m] Listening on Syslog Socket.
[   55.063616] systemd[1]: Reached target Swap.
[[0;32m  OK  [0m] Reached target Swap.
[   55.079701] systemd[1]: Listening on /dev/initctl Compatibility Named Pipe.
[[0;32m  OK  [0m] Listening on /dev/initctl Compatibility Named Pipe.
[   55.102785] systemd[1]: Listening on udev Control Socket.
[[0;32m  OK  [0m] Listening on udev Control Socket.
[   55.120491] systemd[1]: Started Trigger resolvconf update for networkd DNS.
[[0;32m  OK  [0m] Started Trigger resolvconf update for networkd DNS.
[   55.141951] systemd[1]: Listening on Journal Socket.
[[0;32m  OK  [0m] Listening on Journal Socket.
[   55.185735] systemd[1]: Starting Create list of required static device nodes for the current kernel...
         Starting Create list of required st... nodes for the current kernel...
[   55.245193] systemd[1]: Starting Monitoring of LVM2 mirrors, snapshots etc. using dmeventd or progress polling...
         Starting Monitoring of LVM2 mirrors... dmeventd or progress polling...
[   55.296906] systemd[1]: Starting Remount Root and Kernel File Systems...
         Starting Remount Root and Kernel File Systems...
[   55.331525] systemd[1]: Starting Uncomplicated firewall...
         Starting Uncomplicated firewall...
[   55.359297] systemd[1]: Mounting Huge Pages File System...
         Mounting Huge Pages File System...
[   55.388488] systemd[1]: Starting Set console keymap...
         Starting Set console keymap...
[   55.411762] systemd[1]: Starting Journal Service...
         Starting Journal Service...
[   55.450801] EXT4-fs (sda1): re-mounted. Opts: (null)
[   55.733003] systemd[1]: Starting Load Kernel Modules...
         Starting Load Kernel Modules...
[   55.789934] systemd[1]: Starting Nameserver information manager...
         Starting Nameserver information manager...
[   55.853892] systemd[1]: Mounting Debug File System...
         Mounting Debug File System...
[   55.924852] systemd[1]: Mounting POSIX Message Queue File System...
[   55.973862] Loading iSCSI transport class v2.0-870.
         Mounting POSIX Message Queue File System...
[   56.049625] systemd[1]: Mounted POSIX Message Queue File System.
[[0;32m  OK  [0m] Mounted POSIX Message Queue File System.
[   56.102491] systemd[1]: Mounted Debug File System.
[[0;32m  OK  [0m] Mounted Debug File System.
[   56.136337] systemd[1]: Mounted Huge Pages File System.
[[0;32m  OK  [0m] Mounted Huge Pages File System.
[   56.177591] systemd[1]: Started Journal Service.
[[0;32m  OK  [0m] Started Journal Service.
[[0;32m  OK  [0m] Started Create list of required sta...ce nodes for the current kernel.
[   56.259184] iscsi: registered transport (tcp)
[[0;32m  OK  [0m] Started Remount Root and Kernel File Systems.
[[0;32m  OK  [0m] Started Uncomplicated firewall.
[[0;32m  OK  [0m] Started Nameserver information manager.
[   56.749221] iscsi: registered transport (iser)
[[0;32m  OK  [0m] Started Load Kernel Modules.
[[0;32m  OK  [0m] Started Set console keymap.
         Starting Apply Kernel Variables...
         Mounting FUSE Control File System...
[[0;32m  OK  [0m] Started LVM2 metadata daemon.
         Starting Initial cloud-init job (pre-networking)...
         Starting Load/Save Random Seed...
         Starting udev Coldplug all Devices...
         Starting Create Static Device Nodes in /dev...
         Starting Flush Journal to Persistent Storage...
[[0;32m  OK  [0m] Mounted FUSE Control File System.
[[0;32m  OK  [0m] Started Apply Kernel Variables.
[[0;32m  OK  [0m] Started Load/Save Random Seed.
[[0;32m  OK  [0m] Started Create Static Device Nodes in /dev.
[[0;32m  OK  [0m] Started udev Coldplug all Devices.
[[0;32m  OK  [0m] Started Monitoring of LVM2 mirrors,...ng dmeventd or progress polling.
[[0;32m  OK  [0m] Started Flush Journal to Persistent Storage.
         Starting udev Kernel Device Manager...
[[0;32m  OK  [0m] Started udev Kernel Device Manager.
[[0;32m  OK  [0m] Reached target Local File Systems (Pre).
[[0;32m  OK  [0m] Reached target Local File Systems.
         Starting LSB: AppArmor initialization...
         Starting Tell Plymouth To Write Out Runtime Data...
         Starting Set console font and keymap...
         Starting Commit a transient machine-id on disk...
         Starting Create Volatile Files and Directories...
[[0;32m  OK  [0m] Started Dispatch Password Requests to Console Directory Watch.
[[0;32m  OK  [0m] Started Tell Plymouth To Write Out Runtime Data.
[[0;32m  OK  [0m] Started Commit a transient machine-id on disk.
[[0;32m  OK  [0m] Started Create Volatile Files and Directories.
         Starting Update UTMP about System Boot/Shutdown...
[[0;32m  OK  [0m] Started Update UTMP about System Boot/Shutdown.
[[0;32m  OK  [0m] Found device /dev/ttyS0.
[[0;32m  OK  [0m] Listening on Load/Save RF Kill Switch Status /dev/rfkill Watch.
[[0;32m  OK  [0m] Started Set console font and keymap.
[[0;32m  OK  [0m] Created slice system-getty.slice.
[   68.043461] cloud-init[456]: Cloud-init v. 17.2 running 'init-local' at Sat, 01 Jun 2019 16:21:30 +0000. Up 66.08 seconds.
[[0;32m  OK  [0m] Started Initial cloud-init job (pre-networking).
[[0;32m  OK  [0m] Reached target Network (Pre).
[[0;32m  OK  [0m] Started LSB: AppArmor initialization.
         Starting Raise network interfaces...
[[0;32m  OK  [0m] Started Raise network interfaces.
         Starting Initial cloud-init job (metadata service crawler)...
[[0;32m  OK  [0m] Reached target Network.
[   82.365587] cloud-init[949]: Cloud-init v. 17.2 running 'init' at Sat, 01 Jun 2019 16:21:39 +0000. Up 74.74 seconds.
[   82.379237] cloud-init[949]: ci-info: +++++++++++++++++++++++++++++++++++++Net device info++++++++++++++++++++++++++++++++++++++
[   82.397327] cloud-init[949]: ci-info: +--------+------+----------------------------+---------------+-------+-------------------+
[   82.415518] cloud-init[949]: ci-info: | Device |  Up  |          Address           |      Mask     | Scope |     Hw-Address    |
[   82.431386] cloud-init[949]: ci-info: +--------+------+----------------------------+---------------+-------+-------------------+
[   82.446764] cloud-init[949]: ci-info: | enp0s3 | True |         10.0.2.15          | 255.255.255.0 |   .   | 02:d9:fe:34:b4:72 |
[   82.475592] cloud-init[949]: ci-info: | enp0s3 | True | fe80::d9:feff:fe34:b472/64 |       .       |  link | 02:d9:fe:34:b4:72 |
[   82.491184] cloud-init[949]: ci-info: |   lo   | True |         127.0.0.1          |   255.0.0.0   |   .   |         .         |
[   82.508289] cloud-init[949]: ci-info: |   lo   | True |          ::1/128           |       .       |  host |         .         |
[   82.530662] cloud-init[949]: ci-info: +--------+------+----------------------------+---------------+-------+-------------------+
[   82.554137] cloud-init[949]: ci-info: +++++++++++++++++++++++++++Route IPv4 info++++++++++++++++++++++++++++
[   82.568141] cloud-init[949]: ci-info: +-------+-------------+----------+---------------+-----------+-------+
[   82.589787] cloud-init[949]: ci-info: | Route | Destination | Gateway  |    Genmask    | Interface | Flags |
[   82.610057] cloud-init[949]: ci-info: +-------+-------------+----------+---------------+-----------+-------+
[   82.621560] cloud-init[949]: ci-info: |   0   |   0.0.0.0   | 10.0.2.2 |    0.0.0.0    |   enp0s3  |   UG  |
[   82.632532] cloud-init[949]: ci-info: |   1   |   10.0.2.0  | 0.0.0.0  | 255.255.255.0 |   enp0s3  |   U   |
[   82.642115] cloud-init[949]: ci-info: +-------+-------------+----------+---------------+-----------+-------+
[   82.653718] cloud-init[949]: Generating public/private rsa key pair.
[   82.665946] cloud-init[949]: Your identification has been saved in /etc/ssh/ssh_host_rsa_key.
[   82.682207] cloud-init[949]: Your public key has been saved in /etc/ssh/ssh_host_rsa_key.pub.
[   82.691469] cloud-init[949]: The key fingerprint is:
[   82.702480] cloud-init[949]: SHA256:uW2gP7RBcRJX+gMb7hN893g15ai6d1Dt95f/FNgbZZc root@ubuntu-xenial
[   82.712737] cloud-init[949]: The key's randomart image is:
[   82.719407] cloud-init[949]: +---[RSA 2048]----+
[   82.733889] cloud-init[949]: |        .....    |
[   82.745635] [[0;32m  OK  [0m] Started Initial cloud-init job (metadata service crawler).
[[0;32m  OK  [0m] Reached target System Initialization.
cloud-init[949]: |        o...    .|
[   82.760915] [[0;32m  OK  [0m] Listening on D-Bus System Message Bus Socket.
[[0;32m  OK  [0m] Listening on ACPID Listen Socket.
[[0;32m  OK  [0m] Listening on UUID daemon activation socket.
[[0;32m  OK  [0m] Started Timer to automatically refresh installed snaps.
[[0;32m  OK  [0m] Started Daily Cleanup of Temporary Directories.
cloud-init[949]: |         ++    E=|
[   82.808181] cloud-init[949]: |        .+ =  ++=|
[   82.815120] cloud-init[949]: |       .S = +oo*o|
[   82.823689] cloud-init         Starting LXD - unix socket.
[949]: |       .o= o.+ oO|
         Starting Socket activation for snappy daemon.
[   82.837966] cloud-init[949]: |      ...o= ....B|
[   82.845256] cloud-init[949]: |       .o. o. .+o|
[   82.851846] cloud-init[949]: |        ..oo .  *|
[   82.859516] cloud-init[949]: +----[SHA256]-----+
[   82.866478] cloud-init[949]: Generating public/private dsa key pair.
[   82.873899] cloud-init[949]: Your identification has been saved in /etc/ssh/ssh_host_dsa_key.
[   82.882726] [[0;32m  OK  [0m] Started ACPI Events Check.
[[0;32m  OK  [0m] Reached target Paths.
[[0;32m  OK  [0m] Started Daily apt download activities.
[[0;32m  OK  [0m] Started Daily apt upgrade and clean activities.
[[0;32m  OK  [0m] Reached target Timers.
cloud-init[949]: Your public key has been saved in /etc/ssh/ssh_host_dsa_key.pub.
[[0;32m  OK  [0m] Reached target Network is Online.
[   82.927411] cloud-init[949]: The key fingerprint is:
[   82.945548] cloud-init[949]: SHA256:4TqiNPH13oranK/0m1o/ZP8iQvrdAXgxIksGat5D0sE root@ubuntu-xenial
[   82.957482] cloud-init[949]: The key's randomart image is:
         Starting iSCSI initiator daemon (iscsid)...
[[0;32m  OK  [0m] Reached target Cloud-config availability.
[[0;32m  OK  [0m] [   82.963035] cloud-init[949]: +---[DSA 1024]----+
[   82.973047] cloud-init[949]: |   .o            |
[   82.973373] cloud-init[949]: |   oEo           |
[   82.973750] cloud-init[949]: |  + o + o o      |
[   82.974095] cloud-init[949]: | o + o + + o     |
[   82.974419] cloud-init[949]: |  o o o S o      |
[   82.976394] cloud-init[949]: |   o o o..o.     |
[   82.976771] cloud-init[949]: |  o o +ooo ..    |
[   82.979355] Listening on LXD - unix socket.
[[0;32m  OK  [0m] Listening on Socket activation for snappy daemon.
cloud-init[949]: | . o =.B.=o.o.   |
[   83.040685] [[0;32m  OK  [0m] Reached target Sockets.
[[0;32m  OK  [0m] Reached target Basic System.
cloud-init[949]: |  . ..B=O++o.o.  |
[   83.054487] cloud-init[949]: +----[SHA256]-----+
[   83.061738]          Starting Apply the settings specified in cloud-config...
cloud-init[949]: Generating public/private ecdsa key pair.
[   83.079935] cloud-init[949]: Your identification has been saved in /etc/ssh/ssh_host_ecdsa_key.
         Starting Pollinate to seed the pseudo random number generator...
[   83.105946] cloud-init[949]: Your public key has been saved in /etc/ssh/ssh_host_ecdsa_key.pub.
         Starting Login Service...
[   83.173423] cloud-init[949]: The key fingerprint is:
[   83.201023] cloud-init[949]: SHA256:9fYJzsJ70Uc5WwHXZCsVOoM3sFFrqaUHoICAmhOIpXg root@ubuntu-xenial
[   83.202035] cloud-init[949]: The key's randomart image is:
         Starting /etc/rc.local Compatibility...
         Starting System Logging Service...
[   83.203332] cloud-init[949]: +---[ECDSA 256]---+
[   83.247082] cloud-init[949]: |+oo ..   . o.o.==|
[[0;32m  OK  [0m] Started FUSE filesystem for LXC.
[   83.269146] cloud-init[949]: |*. .  . . . = *oo|
[   83.314587]          Starting LXD - container startup/shutdown...
         Starting LSB: Record successful boot for GRUB...
cloud-init[949]: |+oE    .  .+ % .o|
[[0;32m  OK  [0m] Started ACPI event daemon.
[[0;32m  OK  [0m] Started Unattended Upgrades Shutdown.
[   83.400974] cloud-init[949]: |+.       . .B =oo|
[   83.435749] cloud-init[949]: | .      S  o+o .+|
[   83.442571] [[0;32m  OK  [0m] Started Regular background program processing daemon.
cloud-init[949]: |         . +oo.o.|
[   83.457487]          Starting LSB: MD monitoring daemon...
cloud-init[[0;32m  OK  [0m] Started D-Bus System Message Bus.
[949]: |          o o.o. |
[   83.474179] cloud-init[949]: |           o.    |
[   83.497492] cloud-init[949]: |          ..     |
[   83.503859] cloud-init[949]: +----[SHA256]-----+
[   83.515488] cloud-init[949]: Generating public/private ed25519 key pair.
[   83.524337] cloud-init[949]: Your identification has been saved in /etc/ssh/ssh_host_ed25519_key.
[   83.539420] cloud-init[949]: Your public key has been saved in /etc/ssh/ssh_host_ed25519_key.pub.
[   83.558355] cloud-init[949]: The key fingerprint is:
[   83.581713] cloud-init[949]: SHA256:qbnlMvOCTWpy3y5Oz/Ju5JAlvmoOAzbr+0u35XRigRg root@ubuntu-xenial
[   83.641602] cloud-init[949]: The key's randomart image is:
[   83.647293] cloud-init[949]: +--[ED25519 256]--+
[   83.661512] cloud-init[949]: |                 |
[   83.669783] cloud-init[949]: |                 |
[   83.675220] cloud-init[949]: |   E             |
[   83.685007] cloud-init[949]: |    o o ..       |
[   83.690588] cloud-init[949]: |.o . o =S        |
[   83.698752] cloud-init[949]: |..o   =oo        |
[   83.705529] cloud-init[949]: | .o. *+X..       |
[   83.711472] cloud-init[949]: |. ooB./B=        |
[   83.717000] cloud-init[949]: | ooO+=+#X        |
[   83.722468] cloud-init[949]: +----[SHA256]-----+
[[0;32m  OK  [0m] Started Deferred execution scheduler.
         Starting Virtualbox guest utils...
         Starting Snappy daemon...
         Starting Accounts Service...
[[0;32m  OK  [0m] Started System Logging Service.
[[0;32m  OK  [0m] Started /etc/rc.local Compatibility.
[[0;32m  OK  [0m] Started iSCSI initiator daemon (iscsid).
         Starting Login to default iSCSI targets...
[[0;32m  OK  [0m] Started Login Service.
[[0;32m  OK  [0m] Started LSB: Record successful boot for GRUB.
[[0;32m  OK  [0m] Started LSB: MD monitoring daemon.
[[0;32m  OK  [0m] Started Login to default iSCSI targets.
[[0;32m  OK  [0m] Reached target Remote File Systems (Pre).
[[0;32m  OK  [0m] Reached target Remote File Systems.
         Starting LSB: Set the CPU Frequency Scaling governor to "ondemand"...
         Starting LSB: automatic crash report generation...
         Starting LSB: daemon to balance interrupts for SMP systems...
         Starting Permit User Sessions...
[[0;32m  OK  [0m] Started Permit User Sessions.
         Starting Terminate Plymouth Boot Screen...
         Starting Hold until boot process finishes up...
[[0;32m  OK  [0m] Started Hold until boot process finishes up.
[[0;32m  OK  [0m] Started Terminate Plymouth Boot Screen.
         Starting Authenticate and Authorize Users to Run Privileged Tasks...
[[0;32m  OK  [0m] Started Serial Getty on ttyS0.
[[0;32m  OK  [0m] Started Getty on tty1.
[[0;32m  OK  [0m] Reached target Login Prompts.
         Starting Set console scheme...
[[0;32m  OK  [0m] Started LSB: Set the CPU Frequency Scaling governor to "ondemand".
[[0;32m  OK  [0m] Started LSB: automatic crash report generation.
[[0;32m  OK  [0m] Started LSB: daemon to balance interrupts for SMP systems.
[[0;32m  OK  [0m] Started Virtualbox guest utils.
[[0;32m  OK  [0m] Started Set console scheme.
[[0;32m  OK  [0m] Started Authenticate and Authorize Users to Run Privileged Tasks.
[[0;32m  OK  [0m] Started Accounts Service.
[[0;32m  OK  [0m] Started LXD - container startup/shutdown.
[   90.021900] cloud-init[1038]: Generating locales (this might take a while)...
[[0;32m  OK  [0m] Started Snappy daemon.
[[0;32m  OK  [0m] Started Pollinate to seed the pseudo random number generator.
         Starting OpenBSD Secure Shell server...
[[0;32m  OK  [0m] Started OpenBSD Secure Shell server.
[[0;32m  OK  [0m] Reached target Multi-User System.
[[0;32m  OK  [0m] Reached target Graphical Interface.
         Starting Update UTMP about System Runlevel Changes...
[[0;32m  OK  [0m] Started Update UTMP about System Runlevel Changes.

Ubuntu 16.04.4 LTS ubuntu-xenial ttyS0

ubuntu-xenial login: [  102.298900] cloud-init[1038]:   en_US.UTF-8... done
[  102.302633] cloud-init[1038]: Generation complete.
[  105.994934] cloud-init[1038]: Cloud-init v. 17.2 running 'modules:config' at Sat, 01 Jun 2019 16:21:50 +0000. Up 85.64 seconds.
ci-info: no authorized ssh keys fingerprints found for user ubuntu.
<14>Jun  1 16:22:13 ec2: 
<14>Jun  1 16:22:13 ec2: #############################################################
<14>Jun  1 16:22:13 ec2: -----BEGIN SSH HOST KEY FINGERPRINTS-----
<14>Jun  1 16:22:13 ec2: 1024 SHA256:4TqiNPH13oranK/0m1o/ZP8iQvrdAXgxIksGat5D0sE root@ubuntu-xenial (DSA)
<14>Jun  1 16:22:13 ec2: 256 SHA256:9fYJzsJ70Uc5WwHXZCsVOoM3sFFrqaUHoICAmhOIpXg root@ubuntu-xenial (ECDSA)
<14>Jun  1 16:22:13 ec2: 256 SHA256:qbnlMvOCTWpy3y5Oz/Ju5JAlvmoOAzbr+0u35XRigRg root@ubuntu-xenial (ED25519)
<14>Jun  1 16:22:13 ec2: 2048 SHA256:uW2gP7RBcRJX+gMb7hN893g15ai6d1Dt95f/FNgbZZc root@ubuntu-xenial (RSA)
<14>Jun  1 16:22:13 ec2: -----END SSH HOST KEY FINGERPRINTS-----
<14>Jun  1 16:22:13 ec2: #############################################################
-----BEGIN SSH HOST KEY KEYS-----
ecdsa-sha2-nistp256 AAAAE2VjZHNhLXNoYTItbmlzdHAyNTYAAAAIbmlzdHAyNTYAAABBBMsqu3aN7qipzgWmdZt9gvh98IEWGkccxyGshx3j9TPGKDQ42TDhEYWCMBpWGCh21qArHfXdm/8fsauAPYurljY= root@ubuntu-xenial
ssh-ed25519 AAAAC3NzaC1lZDI1NTE5AAAAIGK3qcOrr0KPKDRmStEf1TDucLfAMHTB/VP/lfQ26Mmi root@ubuntu-xenial
ssh-rsa AAAAB3NzaC1yc2EAAAADAQABAAABAQDCds1Rff9dK+tYJew+TImoceeCazDqIeqpEaDtHhbSirZkVY0fgR2ELEC4KK1Thhqq0WZQtlyhbttHxiqg5k0oX2YiKnCkxfaOXB2opDqvIwdSlfzuGsg4pL2imRI8n4Qh9UaKQSZleJ1gFji7LN+c7CouI2R7B1XnuGKODrd1nB49KGUFrV5zNMOyujKYx5G3hyhrERr7qzpHHjkqwilxEjzgj4SnZqHAUzeYCRhadR+Ymz6BRFayfH6AhgKJGyiZhBtgKwjSPWOJYhKqJ9KOTcvLahdYTSjIIw4iOp7sex3dvZGubRcvSz7cvKlXZvdC9YsBd8s6Z0Kzd8iLi2A5 root@ubuntu-xenial
-----END SSH HOST KEY KEYS-----
[  109.312358] cloud-init[1514]: Cloud-init v. 17.2 running 'modules:final' at Sat, 01 Jun 2019 16:22:12 +0000. Up 108.13 seconds.
[  109.313611] cloud-init[1514]: ci-info: no authorized ssh keys fingerprints found for user ubuntu.
[  109.314609] cloud-init[1514]: Cloud-init v. 17.2 finished at Sat, 01 Jun 2019 16:22:13 +0000. Datasource DataSourceNoCloud [seed=/dev/sdb][dsmode=net].  Up 109.26 seconds
